<?xml version="1.0" encoding="UTF-8"?>
<!-- Generated by org.testng.reporters.JUnitReportReporter -->
<testsuite hostname="DESKTOP-MQRFOO8" failures="0" tests="5" name="com.edu.qgMultiAPI.YangKaijingTest" time="1.453" errors="3" timestamp="25 12月 2018 10:06:53 GMT" skipped="0">
  <testcase classname="com.edu.qgMultiAPI.YangKaijingTest" name="sceneTest1" time="0.269"/>
  <testcase classname="com.edu.qgMultiAPI.YangKaijingTest" name="sceneTest5" time="0.351">
    <error message="Illegal character in query at index 85: http://study-perf.qa.netease.com/common/getTransportFee?id=82321270&amp;addressDetial=河北省_石家庄市_裕华区" type="java.lang.IllegalArgumentException">
      <![CDATA[java.lang.IllegalArgumentException: Illegal character in query at index 85: http://study-perf.qa.netease.com/common/getTransportFee?id=82321270&addressDetial=河北省_石家庄市_裕华区
at java.base/java.net.URI.create(URI.java:881)
at org.apache.http.client.methods.HttpGet.<init>(HttpGet.java:66)
at com.edu.qgMultiAPI.YangKaijingTest.getTransportFee(YangKaijingTest.java:140)
at com.edu.qgMultiAPI.YangKaijingTest.sceneTest5(YangKaijingTest.java:344)
at java.base/jdk.internal.reflect.NativeMethodAccessorImpl.invoke0(Native Method)
at java.base/jdk.internal.reflect.NativeMethodAccessorImpl.invoke(NativeMethodAccessorImpl.java:62)
at java.base/jdk.internal.reflect.DelegatingMethodAccessorImpl.invoke(DelegatingMethodAccessorImpl.java:43)
at java.base/java.lang.reflect.Method.invoke(Method.java:564)
at org.testng.internal.MethodInvocationHelper.invokeMethod(MethodInvocationHelper.java:124)
at org.testng.internal.Invoker.invokeMethod(Invoker.java:580)
at org.testng.internal.Invoker.invokeTestMethod(Invoker.java:716)
at org.testng.internal.Invoker.invokeTestMethods(Invoker.java:988)
at org.testng.internal.TestMethodWorker.invokeTestMethods(TestMethodWorker.java:125)
at org.testng.internal.TestMethodWorker.run(TestMethodWorker.java:109)
at org.testng.TestRunner.privateRun(TestRunner.java:648)
at org.testng.TestRunner.run(TestRunner.java:505)
at org.testng.SuiteRunner.runTest(SuiteRunner.java:455)
at org.testng.SuiteRunner.runSequentially(SuiteRunner.java:450)
at org.testng.SuiteRunner.privateRun(SuiteRunner.java:415)
at org.testng.SuiteRunner.run(SuiteRunner.java:364)
at org.testng.SuiteRunnerWorker.runSuite(SuiteRunnerWorker.java:52)
at org.testng.SuiteRunnerWorker.run(SuiteRunnerWorker.java:84)
at org.testng.TestNG.runSuitesSequentially(TestNG.java:1208)
at org.testng.TestNG.runSuitesLocally(TestNG.java:1137)
at org.testng.TestNG.runSuites(TestNG.java:1049)
at org.testng.TestNG.run(TestNG.java:1017)
at org.testng.remote.AbstractRemoteTestNG.run(AbstractRemoteTestNG.java:114)
at org.testng.remote.RemoteTestNG.initAndRun(RemoteTestNG.java:251)
at org.testng.remote.RemoteTestNG.main(RemoteTestNG.java:77)
Caused by: java.net.URISyntaxException: Illegal character in query at index 85: http://study-perf.qa.netease.com/common/getTransportFee?id=82321270&addressDetial=河北省_石家庄市_裕华区
at java.base/java.net.URI$Parser.fail(URI.java:2912)
at java.base/java.net.URI$Parser.checkChars(URI.java:3083)
at java.base/java.net.URI$Parser.parseHierarchical(URI.java:3171)
at java.base/java.net.URI$Parser.parse(URI.java:3113)
at java.base/java.net.URI.<init>(URI.java:598)
at java.base/java.net.URI.create(URI.java:879)
... 28 more
]]>
    </error>
  </testcase> <!-- sceneTest5 -->
  <testcase classname="com.edu.qgMultiAPI.YangKaijingTest" name="sceneTest2" time="0.152">
    <error message="Illegal character in query at index 85: http://study-perf.qa.netease.com/common/getTransportFee?id=82321270&amp;addressDetial=河北省_石家庄市_裕华区" type="java.lang.IllegalArgumentException">
      <![CDATA[java.lang.IllegalArgumentException: Illegal character in query at index 85: http://study-perf.qa.netease.com/common/getTransportFee?id=82321270&addressDetial=河北省_石家庄市_裕华区
at java.base/java.net.URI.create(URI.java:881)
at org.apache.http.client.methods.HttpGet.<init>(HttpGet.java:66)
at com.edu.qgMultiAPI.YangKaijingTest.getTransportFee(YangKaijingTest.java:140)
at com.edu.qgMultiAPI.YangKaijingTest.sceneTest2(YangKaijingTest.java:271)
at java.base/jdk.internal.reflect.NativeMethodAccessorImpl.invoke0(Native Method)
at java.base/jdk.internal.reflect.NativeMethodAccessorImpl.invoke(NativeMethodAccessorImpl.java:62)
at java.base/jdk.internal.reflect.DelegatingMethodAccessorImpl.invoke(DelegatingMethodAccessorImpl.java:43)
at java.base/java.lang.reflect.Method.invoke(Method.java:564)
at org.testng.internal.MethodInvocationHelper.invokeMethod(MethodInvocationHelper.java:124)
at org.testng.internal.Invoker.invokeMethod(Invoker.java:580)
at org.testng.internal.Invoker.invokeTestMethod(Invoker.java:716)
at org.testng.internal.Invoker.invokeTestMethods(Invoker.java:988)
at org.testng.internal.TestMethodWorker.invokeTestMethods(TestMethodWorker.java:125)
at org.testng.internal.TestMethodWorker.run(TestMethodWorker.java:109)
at org.testng.TestRunner.privateRun(TestRunner.java:648)
at org.testng.TestRunner.run(TestRunner.java:505)
at org.testng.SuiteRunner.runTest(SuiteRunner.java:455)
at org.testng.SuiteRunner.runSequentially(SuiteRunner.java:450)
at org.testng.SuiteRunner.privateRun(SuiteRunner.java:415)
at org.testng.SuiteRunner.run(SuiteRunner.java:364)
at org.testng.SuiteRunnerWorker.runSuite(SuiteRunnerWorker.java:52)
at org.testng.SuiteRunnerWorker.run(SuiteRunnerWorker.java:84)
at org.testng.TestNG.runSuitesSequentially(TestNG.java:1208)
at org.testng.TestNG.runSuitesLocally(TestNG.java:1137)
at org.testng.TestNG.runSuites(TestNG.java:1049)
at org.testng.TestNG.run(TestNG.java:1017)
at org.testng.remote.AbstractRemoteTestNG.run(AbstractRemoteTestNG.java:114)
at org.testng.remote.RemoteTestNG.initAndRun(RemoteTestNG.java:251)
at org.testng.remote.RemoteTestNG.main(RemoteTestNG.java:77)
Caused by: java.net.URISyntaxException: Illegal character in query at index 85: http://study-perf.qa.netease.com/common/getTransportFee?id=82321270&addressDetial=河北省_石家庄市_裕华区
at java.base/java.net.URI$Parser.fail(URI.java:2912)
at java.base/java.net.URI$Parser.checkChars(URI.java:3083)
at java.base/java.net.URI$Parser.parseHierarchical(URI.java:3171)
at java.base/java.net.URI$Parser.parse(URI.java:3113)
at java.base/java.net.URI.<init>(URI.java:598)
at java.base/java.net.URI.create(URI.java:879)
... 28 more
]]>
    </error>
  </testcase> <!-- sceneTest2 -->
  <testcase classname="com.edu.qgMultiAPI.YangKaijingTest" name="sceneTest3" time="0.278">
    <error message="Illegal character in query at index 85: http://study-perf.qa.netease.com/common/getTransportFee?id=82321270&amp;addressDetial=河北省_石家庄市_裕华区" type="java.lang.IllegalArgumentException">
      <![CDATA[java.lang.IllegalArgumentException: Illegal character in query at index 85: http://study-perf.qa.netease.com/common/getTransportFee?id=82321270&addressDetial=河北省_石家庄市_裕华区
at java.base/java.net.URI.create(URI.java:881)
at org.apache.http.client.methods.HttpGet.<init>(HttpGet.java:66)
at com.edu.qgMultiAPI.YangKaijingTest.getTransportFee(YangKaijingTest.java:140)
at com.edu.qgMultiAPI.YangKaijingTest.sceneTest3(YangKaijingTest.java:291)
at java.base/jdk.internal.reflect.NativeMethodAccessorImpl.invoke0(Native Method)
at java.base/jdk.internal.reflect.NativeMethodAccessorImpl.invoke(NativeMethodAccessorImpl.java:62)
at java.base/jdk.internal.reflect.DelegatingMethodAccessorImpl.invoke(DelegatingMethodAccessorImpl.java:43)
at java.base/java.lang.reflect.Method.invoke(Method.java:564)
at org.testng.internal.MethodInvocationHelper.invokeMethod(MethodInvocationHelper.java:124)
at org.testng.internal.Invoker.invokeMethod(Invoker.java:580)
at org.testng.internal.Invoker.invokeTestMethod(Invoker.java:716)
at org.testng.internal.Invoker.invokeTestMethods(Invoker.java:988)
at org.testng.internal.TestMethodWorker.invokeTestMethods(TestMethodWorker.java:125)
at org.testng.internal.TestMethodWorker.run(TestMethodWorker.java:109)
at org.testng.TestRunner.privateRun(TestRunner.java:648)
at org.testng.TestRunner.run(TestRunner.java:505)
at org.testng.SuiteRunner.runTest(SuiteRunner.java:455)
at org.testng.SuiteRunner.runSequentially(SuiteRunner.java:450)
at org.testng.SuiteRunner.privateRun(SuiteRunner.java:415)
at org.testng.SuiteRunner.run(SuiteRunner.java:364)
at org.testng.SuiteRunnerWorker.runSuite(SuiteRunnerWorker.java:52)
at org.testng.SuiteRunnerWorker.run(SuiteRunnerWorker.java:84)
at org.testng.TestNG.runSuitesSequentially(TestNG.java:1208)
at org.testng.TestNG.runSuitesLocally(TestNG.java:1137)
at org.testng.TestNG.runSuites(TestNG.java:1049)
at org.testng.TestNG.run(TestNG.java:1017)
at org.testng.remote.AbstractRemoteTestNG.run(AbstractRemoteTestNG.java:114)
at org.testng.remote.RemoteTestNG.initAndRun(RemoteTestNG.java:251)
at org.testng.remote.RemoteTestNG.main(RemoteTestNG.java:77)
Caused by: java.net.URISyntaxException: Illegal character in query at index 85: http://study-perf.qa.netease.com/common/getTransportFee?id=82321270&addressDetial=河北省_石家庄市_裕华区
at java.base/java.net.URI$Parser.fail(URI.java:2912)
at java.base/java.net.URI$Parser.checkChars(URI.java:3083)
at java.base/java.net.URI$Parser.parseHierarchical(URI.java:3171)
at java.base/java.net.URI$Parser.parse(URI.java:3113)
at java.base/java.net.URI.<init>(URI.java:598)
at java.base/java.net.URI.create(URI.java:879)
... 28 more
]]>
    </error>
  </testcase> <!-- sceneTest3 -->
  <testcase classname="com.edu.qgMultiAPI.YangKaijingTest" name="sceneTest4" time="0.403"/>
</testsuite> <!-- com.edu.qgMultiAPI.YangKaijingTest -->
