<?xml version="1.0" encoding="UTF-8"?>
<!-- Generated by org.testng.reporters.JUnitReportReporter -->
<testsuite hostname="DESKTOP-MQRFOO8" failures="0" tests="1" name="com.edu.qgMultiAPI.ZhangFeiyuTest" time="0.095" errors="0" timestamp="25 12æœˆ 2018 10:06:53 GMT" skipped="0">
  <testcase classname="com.edu.qgMultiAPI.ZhangFeiyuTest" name="scene01_login_success" time="0.095"/>
</testsuite> <!-- com.edu.qgMultiAPI.ZhangFeiyuTest -->
