<?xml version="1.0" encoding="UTF-8"?>
<!-- Generated by org.testng.reporters.JUnitReportReporter -->
<testsuite hostname="DESKTOP-MQRFOO8" failures="0" tests="5" name="com.edu.qgMultiAPI.XushiweiTest" time="4.098" errors="0" timestamp="23 12æœˆ 2018 11:49:28 GMT" skipped="0">
  <testcase classname="com.edu.qgMultiAPI.XushiweiTest" name="second" time="0.540"/>
  <testcase classname="com.edu.qgMultiAPI.XushiweiTest" name="fifth" time="0.933"/>
  <testcase classname="com.edu.qgMultiAPI.XushiweiTest" name="first" time="0.612"/>
  <testcase classname="com.edu.qgMultiAPI.XushiweiTest" name="third" time="0.530"/>
  <testcase classname="com.edu.qgMultiAPI.XushiweiTest" name="forth" time="1.483"/>
</testsuite> <!-- com.edu.qgMultiAPI.XushiweiTest -->
