<?xml version="1.0" encoding="UTF-8"?>
<!-- Generated by org.testng.reporters.JUnitReportReporter -->
<testsuite hostname="DESKTOP-MQRFOO8" failures="0" tests="1" name="sendMail.SendRecentReportMail" time="1.595" errors="0" timestamp="24 12æœˆ 2018 09:34:27 GMT" skipped="0">
  <testcase classname="sendMail.SendRecentReportMail" name="SendReport" time="1.595"/>
</testsuite> <!-- sendMail.SendRecentReportMail -->
