<?xml version="1.0" encoding="UTF-8"?>
<!-- Generated by org.testng.reporters.JUnitReportReporter -->
<testsuite hostname="DESKTOP-MQRFOO8" failures="0" tests="3" name="com.edu.qgSingleAPI.skuList_Test" time="2.434" errors="0" timestamp="23 12æœˆ 2018 13:39:19 GMT" skipped="0">
  <testcase classname="com.edu.qgSingleAPI.skuList_Test" name="TestSkuList1" time="2.153"/>
  <testcase classname="com.edu.qgSingleAPI.skuList_Test" name="TestSkuListById" time="0.126"/>
  <testcase classname="com.edu.qgSingleAPI.skuList_Test" name="TestSkuList2" time="0.155"/>
</testsuite> <!-- com.edu.qgSingleAPI.skuList_Test -->
