<?xml version="1.0" encoding="UTF-8"?>
<!-- Generated by org.testng.reporters.JUnitReportReporter -->
<testsuite hostname="DESKTOP-MQRFOO8" failures="0" tests="14" name="com.edu.qgSingleAPI.GetTransportFeeTest" time="1.724" errors="0" timestamp="23 12æœˆ 2018 12:56:34 GMT" skipped="0">
  <testcase classname="com.edu.qgSingleAPI.GetTransportFeeTest" name="getFee7" time="0.087"/>
  <testcase classname="com.edu.qgSingleAPI.GetTransportFeeTest" name="getFee13" time="0.097"/>
  <testcase classname="com.edu.qgSingleAPI.GetTransportFeeTest" name="getFee6" time="0.094"/>
  <testcase classname="com.edu.qgSingleAPI.GetTransportFeeTest" name="getFee12" time="0.100"/>
  <testcase classname="com.edu.qgSingleAPI.GetTransportFeeTest" name="getFee3" time="0.102"/>
  <testcase classname="com.edu.qgSingleAPI.GetTransportFeeTest" name="getFee5" time="0.102"/>
  <testcase classname="com.edu.qgSingleAPI.GetTransportFeeTest" name="getFee4" time="0.017"/>
  <testcase classname="com.edu.qgSingleAPI.GetTransportFeeTest" name="getFee1" time="0.544"/>
  <testcase classname="com.edu.qgSingleAPI.GetTransportFeeTest" name="getFee2" time="0.092"/>
  <testcase classname="com.edu.qgSingleAPI.GetTransportFeeTest" name="getFee11" time="0.099"/>
  <testcase classname="com.edu.qgSingleAPI.GetTransportFeeTest" name="getFee8" time="0.083"/>
  <testcase classname="com.edu.qgSingleAPI.GetTransportFeeTest" name="getFee14" time="0.140"/>
  <testcase classname="com.edu.qgSingleAPI.GetTransportFeeTest" name="getFee9" time="0.079"/>
  <testcase classname="com.edu.qgSingleAPI.GetTransportFeeTest" name="getFee10" time="0.088"/>
</testsuite> <!-- com.edu.qgSingleAPI.GetTransportFeeTest -->
