<?xml version="1.0" encoding="UTF-8"?>
<!-- Generated by org.testng.reporters.JUnitReportReporter -->
<testsuite hostname="DESKTOP-MQRFOO8" failures="0" tests="1" name="com.edu.test.FengBinTest" time="1.450" errors="0" timestamp="23 12æœˆ 2018 03:48:35 GMT" skipped="0">
  <testcase classname="com.edu.test.FengBinTest" name="testLogin" time="1.450"/>
</testsuite> <!-- com.edu.test.FengBinTest -->
