<?xml version="1.0" encoding="UTF-8"?>
<!-- Generated by org.testng.reporters.JUnitReportReporter -->
<testsuite skipped="0" hostname="DESKTOP-GCUUFQC" name="com.edu.test.LoginTest" tests="1" failures="0" timestamp="31 十月 2018 00:14:27 GMT" time="0.866" errors="0">
  <testcase name="testLoginFail" time="0.866" classname="com.edu.test.LoginTest"/>
</testsuite> <!-- com.edu.test.LoginTest -->
