<?xml version="1.0" encoding="UTF-8"?>
<!-- Generated by org.testng.reporters.JUnitReportReporter -->
<testsuite hostname="DESKTOP-MQRFOO8" failures="0" tests="1" name="com.edu.test.SkuListTest" time="1.489" errors="0" timestamp="19 12æœˆ 2018 06:37:44 GMT" skipped="0">
  <testcase classname="com.edu.test.SkuListTest" name="TestSkuList2" time="1.489"/>
</testsuite> <!-- com.edu.test.SkuListTest -->
