<?xml version="1.0" encoding="UTF-8"?>
<!-- Generated by org.testng.reporters.JUnitReportReporter -->
<testsuite skipped="0" hostname="DESKTOP-GCUUFQC" name="com.edu.test.QgDeal" tests="10" failures="0" timestamp="04 十一月 2018 05:43:54 GMT" time="21.760" errors="0">
  <testcase name="submit" time="0.208" classname="com.edu.test.QgDeal"/>
  <testcase name="submit" time="6.720" classname="com.edu.test.QgDeal"/>
  <testcase name="submit" time="0.244" classname="com.edu.test.QgDeal"/>
  <testcase name="submit" time="0.252" classname="com.edu.test.QgDeal"/>
  <testcase name="submit" time="0.215" classname="com.edu.test.QgDeal"/>
  <testcase name="submit" time="0.926" classname="com.edu.test.QgDeal"/>
  <testcase name="submit" time="0.231" classname="com.edu.test.QgDeal"/>
  <testcase name="submit" time="0.249" classname="com.edu.test.QgDeal"/>
  <testcase name="submit" time="0.225" classname="com.edu.test.QgDeal"/>
  <testcase name="submit" time="12.490" classname="com.edu.test.QgDeal"/>
</testsuite> <!-- com.edu.test.QgDeal -->
