<?xml version="1.0" encoding="UTF-8"?>
<!-- Generated by org.testng.reporters.JUnitReportReporter -->
<testsuite hostname="DESKTOP-MQRFOO8" failures="0" tests="1" name="fengBin.bk_ranzhiTest" time="59.780" errors="0" timestamp="10 12æœˆ 2018 11:42:48 GMT" skipped="0">
  <testcase classname="fengBin.bk_ranzhiTest" name="LoginRanZhi" time="59.780"/>
</testsuite> <!-- fengBin.bk_ranzhiTest -->
