<?xml version="1.0" encoding="UTF-8"?>
<!-- Generated by org.testng.reporters.JUnitReportReporter -->
<testsuite hostname="DESKTOP-MQRFOO8" failures="0" tests="6" name="testCase.ZfyRanZhiTest" time="486.074" errors="0" timestamp="12 12æœˆ 2018 06:29:21 GMT" skipped="0">
  <testcase classname="testCase.ZfyRanZhiTest" name="testOA_add_block" time="24.984"/>
  <testcase classname="testCase.ZfyRanZhiTest" name="testOA_add_blocks" time="190.569"/>
  <testcase classname="testCase.ZfyRanZhiTest" name="testOA_public_notice" time="39.459"/>
  <testcase classname="testCase.ZfyRanZhiTest" name="testOA_dayoff_overtime" time="42.154"/>
  <testcase classname="testCase.ZfyRanZhiTest" name="testOA_PN_click" time="106.742"/>
  <testcase classname="testCase.ZfyRanZhiTest" name="testOA_apply_reimbursement" time="82.166"/>
</testsuite> <!-- testCase.ZfyRanZhiTest -->
