<?xml version="1.0" encoding="UTF-8"?>
<!-- Generated by org.testng.reporters.JUnitReportReporter -->
<testsuite hostname="DESKTOP-MQRFOO8" failures="0" tests="1" name="fengBin.ContactTest" time="54.508" errors="0" timestamp="10 12æœˆ 2018 11:44:08 GMT" skipped="0">
  <testcase classname="fengBin.ContactTest" name="ContactTry" time="54.508"/>
</testsuite> <!-- fengBin.ContactTest -->
