<?xml version="1.0" encoding="UTF-8"?>
<!-- Generated by org.testng.reporters.JUnitReportReporter -->
<testsuite hostname="DESKTOP-MQRFOO8" failures="0" tests="1" name="sendMail.SendRecentReportMail" time="0.832" errors="0" timestamp="12 12æœˆ 2018 06:29:21 GMT" skipped="0">
  <testcase classname="sendMail.SendRecentReportMail" name="SendReport" time="0.832"/>
</testsuite> <!-- sendMail.SendRecentReportMail -->
